#
# There is insufficient memory for the Java Runtime Environment to continue.
# Native memory allocation (malloc) failed to allocate 1048576 bytes. Error detail: AllocateHeap
# Possible reasons:
#   The system is out of physical RAM or swap space
#   This process is running with CompressedOops enabled, and the Java Heap may be blocking the growth of the native heap
# Possible solutions:
#   Reduce memory load on the system
#   Increase physical memory or swap space
#   Check if swap backing store is full
#   Decrease Java heap size (-Xmx/-Xms)
#   Decrease number of Java threads
#   Decrease Java thread stack sizes (-Xss)
#   Set larger code cache with -XX:ReservedCodeCacheSize=
#   JVM is running with Unscaled Compressed Oops mode in which the Java heap is
#     placed in the first 4GB address space. The Java Heap base address is the
#     maximum limit for the native heap growth. Please use -XX:HeapBaseMinAddress
#     to set the Java Heap base and to place the Java Heap above 4GB virtual address.
# This output file may be truncated or incomplete.
#
#  Out of Memory Error (allocation.cpp:44), pid=23824, tid=25868
#
# JRE version:  (24.0.2+12) (build )
# Java VM: Java HotSpot(TM) 64-Bit Server VM (24.0.2+12-54, mixed mode, sharing, tiered, compressed oops, compressed class ptrs, g1 gc, windows-amd64)
# No core dump will be written. Minidumps are not enabled by default on client versions of Windows
#

---------------  S U M M A R Y ------------

Command Line: C:\Users\dhira\AppData\Local\Temp\surefire10998500277498113\surefirebooter-20251105223318070_3.jar C:\Users\dhira\AppData\Local\Temp\surefire10998500277498113 2025-11-05T22-33-17_881-jvmRun1 surefire-20251105223318070_1tmp surefire_0-20251105223318070_2tmp

Host: AMD Ryzen 5 6600H with Radeon Graphics         , 12 cores, 7G,  Windows 11 , 64 bit Build 26100 (10.0.26100.6725)
Time: Wed Nov  5 22:33:18 2025 India Standard Time elapsed time: 0.014726 seconds (0d 0h 0m 0s)

---------------  T H R E A D  ---------------

Current thread (0x000002295a001700):  JavaThread "Unknown thread" [_thread_in_vm, id=25868, stack(0x000000f692f00000,0x000000f693000000) (1024K)]

Stack: [0x000000f692f00000,0x000000f693000000]
Native frames: (J=compiled Java code, j=interpreted, Vv=VM code, C=native code)
V  [jvm.dll+0x730829]  (no source info available)
V  [jvm.dll+0x8d9da3]  (no source info available)
V  [jvm.dll+0x8dc28d]  (no source info available)
V  [jvm.dll+0x8dc903]  (no source info available)
V  [jvm.dll+0x2a9f56]  (no source info available)
V  [jvm.dll+0xbea27]  (no source info available)
V  [jvm.dll+0x3666b5]  (no source info available)
V  [jvm.dll+0x35dda1]  (no source info available)
V  [jvm.dll+0x89d50f]  (no source info available)
V  [jvm.dll+0x3f979d]  (no source info available)
V  [jvm.dll+0x885b66]  (no source info available)
V  [jvm.dll+0x495e7e]  (no source info available)
V  [jvm.dll+0x497c51]  (no source info available)
C  [jli.dll+0x52a1]  (no source info available)
C  [ucrtbase.dll+0x37b0]  (no source info available)
C  [KERNEL32.DLL+0x2e8d7]  (no source info available)
C  [ntdll.dll+0x8c53c]  (no source info available)

Lock stack of current Java thread (top to bottom):


---------------  P R O C E S S  ---------------

Threads class SMR info:
_java_thread_list=0x00007ff90437f318, length=0, elements={
}

Java Threads: ( => current thread )
Total: 0

Other Threads:
  0x000002295c37c130 WorkerThread "GC Thread#0"                     [id=13224, stack(0x000000f693000000,0x000000f693100000) (1024K)]

[error occurred during error reporting (printing all threads), id 0xc0000005, EXCEPTION_ACCESS_VIOLATION (0xc0000005) at pc=0x00007ff903aabb80]
VM state: not at safepoint (not fully initialized)

VM Mutex/Monitor currently owned by a thread:  ([mutex/lock_event])
[0x00007ff9044045f0] Heap_lock - owner thread: 0x000002295a001700

Heap address: 0x000000008c200000, size: 1854 MB, Compressed Oops mode: 32-bit

CDS archive(s) mapped at: [0x0000000000000000-0x0000000000000000-0x0000000000000000), size 0, SharedBaseAddress: 0x0000000800000000, ArchiveRelocationMode: 1.
UseCompressedClassPointers 1, UseCompactObjectHeaders 0
Narrow klass pointer bits 32, Max shift 3
Narrow klass base: 0xffffffffffffffff, Narrow klass shift: -1
Encoding Range: [0xffffffffffffffff - 0x000000007fffffff), (2147483648 bytes)
Klass Range:    [0x0000000000000000 - 0x0000000000000000), (0 bytes)
Klass ID Range:  [4294967295 - 0) (1)

GC Precious Log:
 CardTable entry size: 512
 Card Set container configuration: InlinePtr #cards 5 size 8 Array Of Cards #cards 10 size 36 Howl #buckets 4 coarsen threshold 1843 Howl Bitmap #cards 512 size 80 coarsen threshold 460 Card regions per heap region 1 cards per card region 2048

Heap:
 garbage-first heap   total reserved 1898496K, committed 0K, used 0K [0x000000008c200000, 0x0000000100000000)
  region size 1024K, 0 young (0K), 0 survivors (0K)

[error occurred during error reporting (printing heap information), id 0xc0000005, EXCEPTION_ACCESS_VIOLATION (0xc0000005) at pc=0x00007ff903ece679]
GC Heap History (0 events):
No events

Dll operation events (1 events):
Event: 0.010 Loaded shared library C:\Program Files\Java\jdk-24\bin\java.dll

Deoptimization events (0 events):
No events

Classes loaded (0 events):
No events

Classes unloaded (0 events):
No events

Classes redefined (0 events):
No events

Internal exceptions (0 events):
No events

VM Operations (0 events):
No events

Memory protections (0 events):
No events

Nmethod flushes (0 events):
No events

Events (0 events):
No events


Dynamic libraries:
0x00007ff63fdc0000 - 0x00007ff63fdd0000 	C:\Program Files\Java\jdk-24\bin\java.exe
0x00007ff9cfd40000 - 0x00007ff9cffa8000 	C:\WINDOWS\SYSTEM32\ntdll.dll
0x00007ff9ce4e0000 - 0x00007ff9ce5a9000 	C:\WINDOWS\System32\KERNEL32.DLL
0x00007ff9cd5b0000 - 0x00007ff9cd9a2000 	C:\WINDOWS\System32\KERNELBASE.dll
0x00007ff9cd1b0000 - 0x00007ff9cd2fb000 	C:\WINDOWS\System32\ucrtbase.dll
0x00007ff9ba170000 - 0x00007ff9ba186000 	C:\Program Files\Java\jdk-24\bin\jli.dll
0x00007ff9ba150000 - 0x00007ff9ba16b000 	C:\Program Files\Java\jdk-24\bin\VCRUNTIME140.dll
0x00007ff9cf340000 - 0x00007ff9cf505000 	C:\WINDOWS\System32\USER32.dll
0x00007ff9cced0000 - 0x00007ff9ccef7000 	C:\WINDOWS\System32\win32u.dll
0x00007ff9ce850000 - 0x00007ff9ce87b000 	C:\WINDOWS\System32\GDI32.dll
0x00007ff9b3c90000 - 0x00007ff9b3f23000 	C:\WINDOWS\WinSxS\amd64_microsoft.windows.common-controls_6595b64144ccf1df_6.0.26100.6725_none_3e085828e334708b\COMCTL32.dll
0x00007ff9cd300000 - 0x00007ff9cd42d000 	C:\WINDOWS\System32\gdi32full.dll
0x00007ff9cefc0000 - 0x00007ff9cf069000 	C:\WINDOWS\System32\msvcrt.dll
0x00007ff9cd070000 - 0x00007ff9cd113000 	C:\WINDOWS\System32\msvcp_win.dll
0x00007ff9ce930000 - 0x00007ff9ce95f000 	C:\WINDOWS\System32\IMM32.DLL
0x00007ff9ba2e0000 - 0x00007ff9ba2ec000 	C:\Program Files\Java\jdk-24\bin\vcruntime140_1.dll
0x00007ff9b98b0000 - 0x00007ff9b993e000 	C:\Program Files\Java\jdk-24\bin\msvcp140.dll
0x00007ff903740000 - 0x00007ff9044e1000 	C:\Program Files\Java\jdk-24\bin\server\jvm.dll
0x00007ff9ce780000 - 0x00007ff9ce834000 	C:\WINDOWS\System32\ADVAPI32.dll
0x00007ff9ce880000 - 0x00007ff9ce926000 	C:\WINDOWS\System32\sechost.dll
0x00007ff9cf220000 - 0x00007ff9cf338000 	C:\WINDOWS\System32\RPCRT4.dll
0x00007ff9cdd00000 - 0x00007ff9cdd74000 	C:\WINDOWS\System32\WS2_32.dll
0x00007ff9ccd30000 - 0x00007ff9ccd8e000 	C:\WINDOWS\SYSTEM32\POWRPROF.dll
0x00007ff9bf670000 - 0x00007ff9bf6a5000 	C:\WINDOWS\SYSTEM32\WINMM.dll
0x00007ff9c50b0000 - 0x00007ff9c50bb000 	C:\WINDOWS\SYSTEM32\VERSION.dll
0x00007ff9ccd10000 - 0x00007ff9ccd24000 	C:\WINDOWS\SYSTEM32\UMPDC.dll
0x00007ff9cbca0000 - 0x00007ff9cbcbb000 	C:\WINDOWS\SYSTEM32\kernel.appcore.dll
0x00007ff9ba110000 - 0x00007ff9ba11a000 	C:\Program Files\Java\jdk-24\bin\jimage.dll
0x00007ff9c3ec0000 - 0x00007ff9c4102000 	C:\WINDOWS\SYSTEM32\DBGHELP.DLL
0x00007ff9cebc0000 - 0x00007ff9cef3b000 	C:\WINDOWS\System32\combase.dll
0x00007ff9cf140000 - 0x00007ff9cf217000 	C:\WINDOWS\System32\OLEAUT32.dll
0x00007ff9b0c60000 - 0x00007ff9b0c9c000 	C:\WINDOWS\SYSTEM32\dbgcore.DLL
0x00007ff9cda70000 - 0x00007ff9cdb08000 	C:\WINDOWS\System32\bcryptPrimitives.dll
0x00007ff9b9db0000 - 0x00007ff9b9dce000 	C:\Program Files\Java\jdk-24\bin\java.dll
0x00007ff9ce5e0000 - 0x00007ff9ce778000 	C:\WINDOWS\System32\ole32.dll
0x00007ff9cdd80000 - 0x00007ff9ce4cc000 	C:\WINDOWS\System32\SHELL32.dll
0x00007ff9ccf00000 - 0x00007ff9cd06b000 	C:\WINDOWS\System32\wintypes.dll

JVMTI agents: none

dbghelp: loaded successfully - version: 4.0.5 - missing functions: none
symbol engine: initialized successfully - sym options: 0x614 - pdb path: .;C:\Program Files\Java\jdk-24\bin;C:\WINDOWS\SYSTEM32;C:\WINDOWS\WinSxS\amd64_microsoft.windows.common-controls_6595b64144ccf1df_6.0.26100.6725_none_3e085828e334708b;C:\Program Files\Java\jdk-24\bin\server

VM Arguments:
java_command: C:\Users\dhira\AppData\Local\Temp\surefire10998500277498113\surefirebooter-20251105223318070_3.jar C:\Users\dhira\AppData\Local\Temp\surefire10998500277498113 2025-11-05T22-33-17_881-jvmRun1 surefire-20251105223318070_1tmp surefire_0-20251105223318070_2tmp
java_class_path (initial): C:\Users\dhira\AppData\Local\Temp\surefire10998500277498113\surefirebooter-20251105223318070_3.jar
Launcher Type: SUN_STANDARD

[Global flags]
     intx CICompilerCount                          = 4                                         {product} {ergonomic}
     uint ConcGCThreads                            = 3                                         {product} {ergonomic}
     uint G1ConcRefinementThreads                  = 10                                        {product} {ergonomic}
   size_t G1HeapRegionSize                         = 1048576                                   {product} {ergonomic}
   size_t InitialHeapSize                          = 121634816                                 {product} {ergonomic}
   size_t MarkStackSize                            = 4194304                                   {product} {ergonomic}
   size_t MarkStackSizeMax                         = 536870912                                 {product} {ergonomic}
   size_t MaxHeapSize                              = 1944059904                                {product} {ergonomic}
   size_t MinHeapDeltaBytes                        = 1048576                                   {product} {ergonomic}
   size_t MinHeapSize                              = 8388608                                   {product} {ergonomic}
    uintx NonNMethodCodeHeapSize                   = 5832704                                {pd product} {ergonomic}
    uintx NonProfiledCodeHeapSize                  = 122945536                              {pd product} {ergonomic}
    uintx ProfiledCodeHeapSize                     = 122880000                              {pd product} {ergonomic}
    uintx ReservedCodeCacheSize                    = 251658240                              {pd product} {ergonomic}
     bool SegmentedCodeCache                       = true                                      {product} {ergonomic}
   size_t SoftMaxHeapSize                          = 1944059904                             {manageable} {ergonomic}
     bool UseCompressedOops                        = true                           {product lp64_product} {ergonomic}
     bool UseG1GC                                  = true                                      {product} {ergonomic}
     bool UseLargePagesIndividualAllocation        = false                                  {pd product} {ergonomic}

Logging:
Log output configuration:
 #0: stdout all=warning uptime,level,tags foldmultilines=false
 #1: stderr all=off uptime,level,tags foldmultilines=false

Environment Variables:
CLASSPATH=mysql-connector-j-8.4.0.jar;
PATH=C:\Program Files\Common Files\Oracle\Java\javapath;C:\Program Files (x86)\Common Files\Oracle\Java\java8path;C:\Program Files (x86)\Common Files\Oracle\Java\javapath;C:\MinGW\bin;C:\Python313;E:\app\oracle\product\11.2.0\server\bin;C:\Program Files (x86)\VMware\VMware Workstation\bin\;C:\Windows\system32;C:\Program Files\Java\jdk-21\bin;C:\Program Files\nodejs\;C:\Windows;C:\MinGW\mingw32\bin\bin\bin;C:\Windows\System32\Wbem;C:\Windows\System32\WindowsPowerShell\v1.0\;C:\Windows\System32\OpenSSH\;D:\gradle\gradle-9.1.0\bin;C:\Program Files\dotnet\;C:\Program Files (x86)\NVIDIA Corporation\PhysX\Common;C:\Program Files\NVIDIA Corporation\NVIDIA NvDLISR;C:\Program Files\Amazon\AWSCLIV2\;C:\Users\dhira\Downloads\openjdk-22.0.1_windows-x64_bin\jdk-22.0.1\bin;C:\Users\dhira\Downloads\openjdk-22.0.1_windows-x64_bin\jdk-22.0.1\lib;C:\Program Files\Git\cmd;C:\WINDOWS\system32;C:\WINDOWS;C:\WINDOWS\System32\Wbem;C:\WINDOWS\System32\WindowsPowerShell\v1.0\;C:\WINDOWS\System32\OpenSSH\;C:\Users\dhira\AppData\Local\Microsoft\WindowsApps\python.exe;C:\ProgramData\chocolatey\bin;C:\Program Files\Cloudflare\Cloudflare WARP\;C:\Program Files\MySQL\MySQL Shell 8.0\bin\;C:\Python313\Scripts\;C:\Program Files\Java\jdk-24\bin;C:\Python313\;C:\Users\dhira\AppData\Local\Programs\Python\Python313\;C:\Users\dhira\AppData\Local\Microsoft\WindowsApps;C:\Users\dhira\AppData\Local\Programs\Python\Python313\Scripts\;C:\Users\dhira\AppData\Local\Programs\Microsoft VS Code\bin;C:\MinGW\bin;C:\Users\dhira\AppData\Roaming\npm;
USERNAME=dhira
OS=Windows_NT
PROCESSOR_IDENTIFIER=AMD64 Family 25 Model 68 Stepping 1, AuthenticAMD
TMP=C:\Users\dhira\AppData\Local\Temp
TEMP=C:\Users\dhira\AppData\Local\Temp




Periodic native trim disabled

---------------  S Y S T E M  ---------------

OS:
 Windows 11 , 64 bit Build 26100 (10.0.26100.6725)
OS uptime: 0 days 0:25 hours
Hyper-V role detected

CPU: total 12 (initial active 12) (12 cores per cpu, 2 threads per core) family 25 model 68 stepping 1 microcode 0xa40410a, cx8, cmov, fxsr, ht, mmx, 3dnowpref, sse, sse2, sse3, ssse3, sse4a, sse4.1, sse4.2, popcnt, lzcnt, tsc, tscinvbit, avx, avx2, aes, erms, clmul, bmi1, bmi2, adx, sha, fma, vzeroupper, clflush, clflushopt, hv, rdtscp, rdpid, fsrm, f16c, cet_ss
Processor Information for processor 0
  Max Mhz: 3301, Current Mhz: 2640, Mhz Limit: 3301
Processor Information for processor 1
  Max Mhz: 3301, Current Mhz: 3301, Mhz Limit: 3301
Processor Information for processor 2
  Max Mhz: 3301, Current Mhz: 3301, Mhz Limit: 3301
Processor Information for processor 3
  Max Mhz: 3301, Current Mhz: 2640, Mhz Limit: 3301
Processor Information for processor 4
  Max Mhz: 3301, Current Mhz: 3301, Mhz Limit: 3301
Processor Information for processor 5
  Max Mhz: 3301, Current Mhz: 3301, Mhz Limit: 3301
Processor Information for processor 6
  Max Mhz: 3301, Current Mhz: 3301, Mhz Limit: 3301
Processor Information for processor 7
  Max Mhz: 3301, Current Mhz: 2640, Mhz Limit: 3301
Processor Information for processor 8
  Max Mhz: 3301, Current Mhz: 2640, Mhz Limit: 3301
Processor Information for processor 9
  Max Mhz: 3301, Current Mhz: 2640, Mhz Limit: 3301
Processor Information for processor 10
  Max Mhz: 3301, Current Mhz: 2640, Mhz Limit: 3301
Processor Information for processor 11
  Max Mhz: 3301, Current Mhz: 2640, Mhz Limit: 3301

Memory: 4k page, system-wide physical 7411M (535M free)
TotalPageFile size 19977M (AvailPageFile size 5M)
current process WorkingSet (physical memory assigned to process): 13M, peak: 13M
current process commit charge ("private bytes"): 57M, peak: 57M

vm_info: Java HotSpot(TM) 64-Bit Server VM (24.0.2+12-54) for windows-amd64 JRE (24.0.2+12-54), built on 2025-07-08T12:10:27Z with MS VC++ 17.6 (VS2022)

END.
